<?xml version="1.0" encoding="UTF-8"?>
<testsuite xmlns:xsi="http://www.w3.org/2001/XMLSchema-instance" xsi:noNamespaceSchemaLocation="https://maven.apache.org/surefire/maven-surefire-plugin/xsd/surefire-test-report.xsd" name="microserviceassess.services.PatientHistoryServiceTest" time="2.196" tests="2" errors="0" skipped="0" failures="0">
  <properties>
    <property name="java.specification.version" value="16"/>
    <property name="sun.cpu.isalist" value="amd64"/>
    <property name="sun.jnu.encoding" value="Cp1252"/>
    <property name="java.class.path" value="E:\Users\Francky Malliet\git\MediscreenAssessMicroservice\target\test-classes;E:\Users\Francky Malliet\git\MediscreenAssessMicroservice\target\classes;C:\Users\Francky Malliet\.m2\repository\org\springframework\boot\spring-boot-starter-web\2.6.4\spring-boot-starter-web-2.6.4.jar;C:\Users\Francky Malliet\.m2\repository\org\springframework\boot\spring-boot-starter\2.6.4\spring-boot-starter-2.6.4.jar;C:\Users\Francky Malliet\.m2\repository\org\springframework\boot\spring-boot\2.6.4\spring-boot-2.6.4.jar;C:\Users\Francky Malliet\.m2\repository\org\springframework\boot\spring-boot-autoconfigure\2.6.4\spring-boot-autoconfigure-2.6.4.jar;C:\Users\Francky Malliet\.m2\repository\org\springframework\boot\spring-boot-starter-logging\2.6.4\spring-boot-starter-logging-2.6.4.jar;C:\Users\Francky Malliet\.m2\repository\ch\qos\logback\logback-classic\1.2.10\logback-classic-1.2.10.jar;C:\Users\Francky Malliet\.m2\repository\org\apache\logging\log4j\log4j-to-slf4j\2.17.1\log4j-to-slf4j-2.17.1.jar;C:\Users\Francky Malliet\.m2\repository\org\apache\logging\log4j\log4j-api\2.17.1\log4j-api-2.17.1.jar;C:\Users\Francky Malliet\.m2\repository\org\slf4j\jul-to-slf4j\1.7.36\jul-to-slf4j-1.7.36.jar;C:\Users\Francky Malliet\.m2\repository\jakarta\annotation\jakarta.annotation-api\1.3.5\jakarta.annotation-api-1.3.5.jar;C:\Users\Francky Malliet\.m2\repository\org\yaml\snakeyaml\1.29\snakeyaml-1.29.jar;C:\Users\Francky Malliet\.m2\repository\org\springframework\boot\spring-boot-starter-json\2.6.4\spring-boot-starter-json-2.6.4.jar;C:\Users\Francky Malliet\.m2\repository\com\fasterxml\jackson\datatype\jackson-datatype-jdk8\2.13.1\jackson-datatype-jdk8-2.13.1.jar;C:\Users\Francky Malliet\.m2\repository\com\fasterxml\jackson\datatype\jackson-datatype-jsr310\2.13.1\jackson-datatype-jsr310-2.13.1.jar;C:\Users\Francky Malliet\.m2\repository\com\fasterxml\jackson\module\jackson-module-parameter-names\2.13.1\jackson-module-parameter-names-2.13.1.jar;C:\Users\Francky Malliet\.m2\repository\org\springframework\boot\spring-boot-starter-tomcat\2.6.4\spring-boot-starter-tomcat-2.6.4.jar;C:\Users\Francky Malliet\.m2\repository\org\apache\tomcat\embed\tomcat-embed-core\9.0.58\tomcat-embed-core-9.0.58.jar;C:\Users\Francky Malliet\.m2\repository\org\apache\tomcat\embed\tomcat-embed-el\9.0.58\tomcat-embed-el-9.0.58.jar;C:\Users\Francky Malliet\.m2\repository\org\apache\tomcat\embed\tomcat-embed-websocket\9.0.58\tomcat-embed-websocket-9.0.58.jar;C:\Users\Francky Malliet\.m2\repository\org\springframework\spring-web\5.3.16\spring-web-5.3.16.jar;C:\Users\Francky Malliet\.m2\repository\org\springframework\spring-webmvc\5.3.16\spring-webmvc-5.3.16.jar;C:\Users\Francky Malliet\.m2\repository\org\springframework\spring-aop\5.3.16\spring-aop-5.3.16.jar;C:\Users\Francky Malliet\.m2\repository\org\springframework\boot\spring-boot-starter-test\2.6.4\spring-boot-starter-test-2.6.4.jar;C:\Users\Francky Malliet\.m2\repository\org\springframework\boot\spring-boot-test\2.6.4\spring-boot-test-2.6.4.jar;C:\Users\Francky Malliet\.m2\repository\org\springframework\boot\spring-boot-test-autoconfigure\2.6.4\spring-boot-test-autoconfigure-2.6.4.jar;C:\Users\Francky Malliet\.m2\repository\com\jayway\jsonpath\json-path\2.6.0\json-path-2.6.0.jar;C:\Users\Francky Malliet\.m2\repository\net\minidev\json-smart\2.4.8\json-smart-2.4.8.jar;C:\Users\Francky Malliet\.m2\repository\net\minidev\accessors-smart\2.4.8\accessors-smart-2.4.8.jar;C:\Users\Francky Malliet\.m2\repository\jakarta\xml\bind\jakarta.xml.bind-api\2.3.3\jakarta.xml.bind-api-2.3.3.jar;C:\Users\Francky Malliet\.m2\repository\jakarta\activation\jakarta.activation-api\1.2.2\jakarta.activation-api-1.2.2.jar;C:\Users\Francky Malliet\.m2\repository\org\assertj\assertj-core\3.21.0\assertj-core-3.21.0.jar;C:\Users\Francky Malliet\.m2\repository\org\hamcrest\hamcrest\2.2\hamcrest-2.2.jar;C:\Users\Francky Malliet\.m2\repository\org\junit\jupiter\junit-jupiter\5.8.2\junit-jupiter-5.8.2.jar;C:\Users\Francky Malliet\.m2\repository\org\junit\jupiter\junit-jupiter-api\5.8.2\junit-jupiter-api-5.8.2.jar;C:\Users\Francky Malliet\.m2\repository\org\opentest4j\opentest4j\1.2.0\opentest4j-1.2.0.jar;C:\Users\Francky Malliet\.m2\repository\org\junit\platform\junit-platform-commons\1.8.2\junit-platform-commons-1.8.2.jar;C:\Users\Francky Malliet\.m2\repository\org\apiguardian\apiguardian-api\1.1.2\apiguardian-api-1.1.2.jar;C:\Users\Francky Malliet\.m2\repository\org\junit\jupiter\junit-jupiter-params\5.8.2\junit-jupiter-params-5.8.2.jar;C:\Users\Francky Malliet\.m2\repository\org\junit\jupiter\junit-jupiter-engine\5.8.2\junit-jupiter-engine-5.8.2.jar;C:\Users\Francky Malliet\.m2\repository\org\junit\platform\junit-platform-engine\1.8.2\junit-platform-engine-1.8.2.jar;C:\Users\Francky Malliet\.m2\repository\org\mockito\mockito-core\4.0.0\mockito-core-4.0.0.jar;C:\Users\Francky Malliet\.m2\repository\net\bytebuddy\byte-buddy\1.11.22\byte-buddy-1.11.22.jar;C:\Users\Francky Malliet\.m2\repository\net\bytebuddy\byte-buddy-agent\1.11.22\byte-buddy-agent-1.11.22.jar;C:\Users\Francky Malliet\.m2\repository\org\objenesis\objenesis\3.2\objenesis-3.2.jar;C:\Users\Francky Malliet\.m2\repository\org\mockito\mockito-junit-jupiter\4.0.0\mockito-junit-jupiter-4.0.0.jar;C:\Users\Francky Malliet\.m2\repository\org\skyscreamer\jsonassert\1.5.0\jsonassert-1.5.0.jar;C:\Users\Francky Malliet\.m2\repository\com\vaadin\external\google\android-json\0.0.20131108.vaadin1\android-json-0.0.20131108.vaadin1.jar;C:\Users\Francky Malliet\.m2\repository\org\springframework\spring-core\5.3.16\spring-core-5.3.16.jar;C:\Users\Francky Malliet\.m2\repository\org\springframework\spring-jcl\5.3.16\spring-jcl-5.3.16.jar;C:\Users\Francky Malliet\.m2\repository\org\springframework\spring-test\5.3.16\spring-test-5.3.16.jar;C:\Users\Francky Malliet\.m2\repository\org\xmlunit\xmlunit-core\2.8.4\xmlunit-core-2.8.4.jar;C:\Users\Francky Malliet\.m2\repository\org\springframework\boot\spring-boot-starter-validation\2.4.1\spring-boot-starter-validation-2.4.1.jar;C:\Users\Francky Malliet\.m2\repository\org\glassfish\jakarta.el\3.0.4\jakarta.el-3.0.4.jar;C:\Users\Francky Malliet\.m2\repository\org\hibernate\validator\hibernate-validator\6.2.2.Final\hibernate-validator-6.2.2.Final.jar;C:\Users\Francky Malliet\.m2\repository\jakarta\validation\jakarta.validation-api\2.0.2\jakarta.validation-api-2.0.2.jar;C:\Users\Francky Malliet\.m2\repository\org\jboss\logging\jboss-logging\3.4.3.Final\jboss-logging-3.4.3.Final.jar;C:\Users\Francky Malliet\.m2\repository\com\fasterxml\classmate\1.5.1\classmate-1.5.1.jar;C:\Users\Francky Malliet\.m2\repository\org\springframework\cloud\spring-cloud-starter\3.1.0\spring-cloud-starter-3.1.0.jar;C:\Users\Francky Malliet\.m2\repository\org\springframework\cloud\spring-cloud-context\3.1.1\spring-cloud-context-3.1.1.jar;C:\Users\Francky Malliet\.m2\repository\org\springframework\security\spring-security-crypto\5.6.2\spring-security-crypto-5.6.2.jar;C:\Users\Francky Malliet\.m2\repository\org\springframework\cloud\spring-cloud-commons\3.1.1\spring-cloud-commons-3.1.1.jar;C:\Users\Francky Malliet\.m2\repository\org\springframework\security\spring-security-rsa\1.0.10.RELEASE\spring-security-rsa-1.0.10.RELEASE.jar;C:\Users\Francky Malliet\.m2\repository\org\bouncycastle\bcpkix-jdk15on\1.68\bcpkix-jdk15on-1.68.jar;C:\Users\Francky Malliet\.m2\repository\org\bouncycastle\bcprov-jdk15on\1.68\bcprov-jdk15on-1.68.jar;C:\Users\Francky Malliet\.m2\repository\org\springframework\boot\spring-boot-starter-thymeleaf\2.6.4\spring-boot-starter-thymeleaf-2.6.4.jar;C:\Users\Francky Malliet\.m2\repository\org\thymeleaf\thymeleaf\3.0.11.RELEASE\thymeleaf-3.0.11.RELEASE.jar;C:\Users\Francky Malliet\.m2\repository\ognl\ognl\3.1.12\ognl-3.1.12.jar;C:\Users\Francky Malliet\.m2\repository\org\javassist\javassist\3.20.0-GA\javassist-3.20.0-GA.jar;C:\Users\Francky Malliet\.m2\repository\org\attoparser\attoparser\2.0.5.RELEASE\attoparser-2.0.5.RELEASE.jar;C:\Users\Francky Malliet\.m2\repository\org\unbescape\unbescape\1.1.6.RELEASE\unbescape-1.1.6.RELEASE.jar;C:\Users\Francky Malliet\.m2\repository\org\thymeleaf\thymeleaf-spring5\3.0.11.RELEASE\thymeleaf-spring5-3.0.11.RELEASE.jar;C:\Users\Francky Malliet\.m2\repository\org\thymeleaf\extras\thymeleaf-extras-java8time\2.1.0.RELEASE\thymeleaf-extras-java8time-2.1.0.RELEASE.jar;C:\Users\Francky Malliet\.m2\repository\org\springframework\data\spring-data-mongodb\3.3.1\spring-data-mongodb-3.3.1.jar;C:\Users\Francky Malliet\.m2\repository\org\springframework\spring-tx\5.3.16\spring-tx-5.3.16.jar;C:\Users\Francky Malliet\.m2\repository\org\springframework\spring-context\5.3.16\spring-context-5.3.16.jar;C:\Users\Francky Malliet\.m2\repository\org\springframework\spring-beans\5.3.16\spring-beans-5.3.16.jar;C:\Users\Francky Malliet\.m2\repository\org\springframework\spring-expression\5.3.16\spring-expression-5.3.16.jar;C:\Users\Francky Malliet\.m2\repository\org\springframework\data\spring-data-commons\2.6.2\spring-data-commons-2.6.2.jar;C:\Users\Francky Malliet\.m2\repository\org\mongodb\mongodb-driver-core\4.4.2\mongodb-driver-core-4.4.2.jar;C:\Users\Francky Malliet\.m2\repository\org\mongodb\bson\4.4.2\bson-4.4.2.jar;C:\Users\Francky Malliet\.m2\repository\junit\junit\4.13.2\junit-4.13.2.jar;C:\Users\Francky Malliet\.m2\repository\org\hamcrest\hamcrest-core\2.2\hamcrest-core-2.2.jar;C:\Users\Francky Malliet\.m2\repository\org\apache\maven\plugins\maven-surefire-plugin\3.0.0-M5\maven-surefire-plugin-3.0.0-M5.jar;C:\Users\Francky Malliet\.m2\repository\org\apache\maven\surefire\maven-surefire-common\3.0.0-M5\maven-surefire-common-3.0.0-M5.jar;C:\Users\Francky Malliet\.m2\repository\org\apache\maven\surefire\surefire-api\3.0.0-M5\surefire-api-3.0.0-M5.jar;C:\Users\Francky Malliet\.m2\repository\org\apache\maven\surefire\surefire-logger-api\3.0.0-M5\surefire-logger-api-3.0.0-M5.jar;C:\Users\Francky Malliet\.m2\repository\org\apache\maven\surefire\surefire-extensions-api\3.0.0-M5\surefire-extensions-api-3.0.0-M5.jar;C:\Users\Francky Malliet\.m2\repository\org\apache\maven\surefire\surefire-booter\3.0.0-M5\surefire-booter-3.0.0-M5.jar;C:\Users\Francky Malliet\.m2\repository\org\apache\maven\surefire\surefire-extensions-spi\3.0.0-M5\surefire-extensions-spi-3.0.0-M5.jar;C:\Users\Francky Malliet\.m2\repository\org\apache\maven\maven-toolchain\3.0-alpha-2\maven-toolchain-3.0-alpha-2.jar;C:\Users\Francky Malliet\.m2\repository\org\apache\maven\shared\maven-artifact-transfer\0.11.0\maven-artifact-transfer-0.11.0.jar;C:\Users\Francky Malliet\.m2\repository\org\apache\maven\shared\maven-common-artifact-filters\3.0.1\maven-common-artifact-filters-3.0.1.jar;C:\Users\Francky Malliet\.m2\repository\org\apache\maven\shared\maven-shared-utils\3.1.0\maven-shared-utils-3.1.0.jar;C:\Users\Francky Malliet\.m2\repository\org\codehaus\plexus\plexus-java\1.0.5\plexus-java-1.0.5.jar;C:\Users\Francky Malliet\.m2\repository\com\thoughtworks\qdox\qdox\2.0-M9\qdox-2.0-M9.jar;C:\Users\Francky Malliet\.m2\repository\org\apache\maven\surefire\surefire-shared-utils\3.0.0-M4\surefire-shared-utils-3.0.0-M4.jar;C:\Users\Francky Malliet\.m2\repository\org\jacoco\jacoco-maven-plugin\0.8.4\jacoco-maven-plugin-0.8.4.jar;C:\Users\Francky Malliet\.m2\repository\org\apache\maven\maven-plugin-api\3.0\maven-plugin-api-3.0.jar;C:\Users\Francky Malliet\.m2\repository\org\apache\maven\maven-model\3.0\maven-model-3.0.jar;C:\Users\Francky Malliet\.m2\repository\org\apache\maven\maven-artifact\3.0\maven-artifact-3.0.jar;C:\Users\Francky Malliet\.m2\repository\org\apache\maven\maven-core\3.0\maven-core-3.0.jar;C:\Users\Francky Malliet\.m2\repository\org\apache\maven\maven-settings\3.0\maven-settings-3.0.jar;C:\Users\Francky Malliet\.m2\repository\org\apache\maven\maven-settings-builder\3.0\maven-settings-builder-3.0.jar;C:\Users\Francky Malliet\.m2\repository\org\apache\maven\maven-repository-metadata\3.0\maven-repository-metadata-3.0.jar;C:\Users\Francky Malliet\.m2\repository\org\apache\maven\maven-model-builder\3.0\maven-model-builder-3.0.jar;C:\Users\Francky Malliet\.m2\repository\org\apache\maven\maven-aether-provider\3.0\maven-aether-provider-3.0.jar;C:\Users\Francky Malliet\.m2\repository\org\sonatype\aether\aether-impl\1.7\aether-impl-1.7.jar;C:\Users\Francky Malliet\.m2\repository\org\sonatype\aether\aether-spi\1.7\aether-spi-1.7.jar;C:\Users\Francky Malliet\.m2\repository\org\sonatype\aether\aether-api\1.7\aether-api-1.7.jar;C:\Users\Francky Malliet\.m2\repository\org\sonatype\aether\aether-util\1.7\aether-util-1.7.jar;C:\Users\Francky Malliet\.m2\repository\org\codehaus\plexus\plexus-interpolation\1.14\plexus-interpolation-1.14.jar;C:\Users\Francky Malliet\.m2\repository\org\codehaus\plexus\plexus-classworlds\2.2.3\plexus-classworlds-2.2.3.jar;C:\Users\Francky Malliet\.m2\repository\org\codehaus\plexus\plexus-component-annotations\1.5.5\plexus-component-annotations-1.5.5.jar;C:\Users\Francky Malliet\.m2\repository\org\sonatype\plexus\plexus-sec-dispatcher\1.3\plexus-sec-dispatcher-1.3.jar;C:\Users\Francky Malliet\.m2\repository\org\sonatype\plexus\plexus-cipher\1.4\plexus-cipher-1.4.jar;C:\Users\Francky Malliet\.m2\repository\org\codehaus\plexus\plexus-utils\3.0.22\plexus-utils-3.0.22.jar;C:\Users\Francky Malliet\.m2\repository\org\apache\maven\shared\file-management\1.2.1\file-management-1.2.1.jar;C:\Users\Francky Malliet\.m2\repository\org\apache\maven\shared\maven-shared-io\1.1\maven-shared-io-1.1.jar;C:\Users\Francky Malliet\.m2\repository\org\apache\maven\maven-artifact-manager\2.0.2\maven-artifact-manager-2.0.2.jar;C:\Users\Francky Malliet\.m2\repository\org\apache\maven\wagon\wagon-provider-api\1.0-alpha-6\wagon-provider-api-1.0-alpha-6.jar;C:\Users\Francky Malliet\.m2\repository\org\codehaus\plexus\plexus-container-default\1.0-alpha-9\plexus-container-default-1.0-alpha-9.jar;C:\Users\Francky Malliet\.m2\repository\classworlds\classworlds\1.1-alpha-2\classworlds-1.1-alpha-2.jar;C:\Users\Francky Malliet\.m2\repository\org\apache\maven\reporting\maven-reporting-api\3.0\maven-reporting-api-3.0.jar;C:\Users\Francky Malliet\.m2\repository\org\apache\maven\doxia\doxia-sink-api\1.0\doxia-sink-api-1.0.jar;C:\Users\Francky Malliet\.m2\repository\org\apache\maven\reporting\maven-reporting-impl\2.1\maven-reporting-impl-2.1.jar;C:\Users\Francky Malliet\.m2\repository\org\apache\maven\maven-project\2.0.10\maven-project-2.0.10.jar;C:\Users\Francky Malliet\.m2\repository\org\apache\maven\maven-profile\2.0.10\maven-profile-2.0.10.jar;C:\Users\Francky Malliet\.m2\repository\org\apache\maven\maven-plugin-registry\2.0.10\maven-plugin-registry-2.0.10.jar;C:\Users\Francky Malliet\.m2\repository\org\apache\maven\doxia\doxia-core\1.1.2\doxia-core-1.1.2.jar;C:\Users\Francky Malliet\.m2\repository\org\apache\maven\doxia\doxia-logging-api\1.1.2\doxia-logging-api-1.1.2.jar;C:\Users\Francky Malliet\.m2\repository\xerces\xercesImpl\2.8.1\xercesImpl-2.8.1.jar;C:\Users\Francky Malliet\.m2\repository\commons-lang\commons-lang\2.4\commons-lang-2.4.jar;C:\Users\Francky Malliet\.m2\repository\commons-httpclient\commons-httpclient\3.1\commons-httpclient-3.1.jar;C:\Users\Francky Malliet\.m2\repository\org\apache\maven\doxia\doxia-site-renderer\1.1.2\doxia-site-renderer-1.1.2.jar;C:\Users\Francky Malliet\.m2\repository\org\apache\maven\doxia\doxia-decoration-model\1.1.2\doxia-decoration-model-1.1.2.jar;C:\Users\Francky Malliet\.m2\repository\org\apache\maven\doxia\doxia-module-xhtml\1.1.2\doxia-module-xhtml-1.1.2.jar;C:\Users\Francky Malliet\.m2\repository\org\apache\maven\doxia\doxia-module-fml\1.1.2\doxia-module-fml-1.1.2.jar;C:\Users\Francky Malliet\.m2\repository\org\codehaus\plexus\plexus-i18n\1.0-beta-7\plexus-i18n-1.0-beta-7.jar;C:\Users\Francky Malliet\.m2\repository\org\codehaus\plexus\plexus-velocity\1.1.7\plexus-velocity-1.1.7.jar;C:\Users\Francky Malliet\.m2\repository\org\apache\velocity\velocity\1.5\velocity-1.5.jar;C:\Users\Francky Malliet\.m2\repository\commons-collections\commons-collections\3.2\commons-collections-3.2.jar;C:\Users\Francky Malliet\.m2\repository\commons-validator\commons-validator\1.2.0\commons-validator-1.2.0.jar;C:\Users\Francky Malliet\.m2\repository\commons-beanutils\commons-beanutils\1.7.0\commons-beanutils-1.7.0.jar;C:\Users\Francky Malliet\.m2\repository\commons-digester\commons-digester\1.6\commons-digester-1.6.jar;C:\Users\Francky Malliet\.m2\repository\commons-logging\commons-logging\1.0.4\commons-logging-1.0.4.jar;C:\Users\Francky Malliet\.m2\repository\oro\oro\2.0.8\oro-2.0.8.jar;C:\Users\Francky Malliet\.m2\repository\xml-apis\xml-apis\1.0.b2\xml-apis-1.0.b2.jar;C:\Users\Francky Malliet\.m2\repository\org\jacoco\org.jacoco.agent\0.8.4\org.jacoco.agent-0.8.4-runtime.jar;C:\Users\Francky Malliet\.m2\repository\org\jacoco\org.jacoco.core\0.8.4\org.jacoco.core-0.8.4.jar;C:\Users\Francky Malliet\.m2\repository\org\ow2\asm\asm-commons\7.1\asm-commons-7.1.jar;C:\Users\Francky Malliet\.m2\repository\org\ow2\asm\asm-analysis\7.1\asm-analysis-7.1.jar;C:\Users\Francky Malliet\.m2\repository\org\ow2\asm\asm-tree\7.1\asm-tree-7.1.jar;C:\Users\Francky Malliet\.m2\repository\org\jacoco\org.jacoco.report\0.8.4\org.jacoco.report-0.8.4.jar;C:\Users\Francky Malliet\.m2\repository\org\springframework\cloud\spring-cloud-starter-contract-stub-runner\3.1.1\spring-cloud-starter-contract-stub-runner-3.1.1.jar;C:\Users\Francky Malliet\.m2\repository\org\springframework\cloud\spring-cloud-contract-stub-runner\3.1.1\spring-cloud-contract-stub-runner-3.1.1.jar;C:\Users\Francky Malliet\.m2\repository\org\springframework\cloud\spring-cloud-contract-verifier\3.1.1\spring-cloud-contract-verifier-3.1.1.jar;C:\Users\Francky Malliet\.m2\repository\org\apache\commons\commons-text\1.9\commons-text-1.9.jar;C:\Users\Francky Malliet\.m2\repository\javax\inject\javax.inject\1\javax.inject-1.jar;C:\Users\Francky Malliet\.m2\repository\com\toomuchcoding\jsonassert\jsonassert\0.6.1\jsonassert-0.6.1.jar;C:\Users\Francky Malliet\.m2\repository\com\rackspace\eclipse\webtools\sourceediting\org.eclipse.wst.xml.xpath2.processor\2.1.100\org.eclipse.wst.xml.xpath2.processor-2.1.100.jar;C:\Users\Francky Malliet\.m2\repository\edu\princeton\cup\java-cup\10k\java-cup-10k.jar;C:\Users\Francky Malliet\.m2\repository\com\ibm\icu\icu4j\4.6\icu4j-4.6.jar;C:\Users\Francky Malliet\.m2\repository\org\codehaus\groovy\groovy\3.0.9\groovy-3.0.9.jar;C:\Users\Francky Malliet\.m2\repository\org\codehaus\groovy\groovy-nio\3.0.9\groovy-nio-3.0.9.jar;C:\Users\Francky Malliet\.m2\repository\org\codehaus\groovy\groovy-json\3.0.9\groovy-json-3.0.9.jar;C:\Users\Francky Malliet\.m2\repository\org\codehaus\groovy\groovy-xml\3.0.9\groovy-xml-3.0.9.jar;C:\Users\Francky Malliet\.m2\repository\com\fasterxml\jackson\dataformat\jackson-dataformat-yaml\2.13.1\jackson-dataformat-yaml-2.13.1.jar;C:\Users\Francky Malliet\.m2\repository\net\javacrumbs\json-unit\json-unit-assertj\2.27.0\json-unit-assertj-2.27.0.jar;C:\Users\Francky Malliet\.m2\repository\net\javacrumbs\json-unit\json-unit-json-path\2.27.0\json-unit-json-path-2.27.0.jar;C:\Users\Francky Malliet\.m2\repository\org\springframework\cloud\spring-cloud-function-compiler\3.0.6.RELEASE\spring-cloud-function-compiler-3.0.6.RELEASE.jar;C:\Users\Francky Malliet\.m2\repository\io\projectreactor\reactor-core\3.4.15\reactor-core-3.4.15.jar;C:\Users\Francky Malliet\.m2\repository\org\reactivestreams\reactive-streams\1.0.3\reactive-streams-1.0.3.jar;C:\Users\Francky Malliet\.m2\repository\org\eclipse\jdt\core\compiler\ecj\4.4.2\ecj-4.4.2.jar;C:\Users\Francky Malliet\.m2\repository\javax\annotation\javax.annotation-api\1.3.2\javax.annotation-api-1.3.2.jar;C:\Users\Francky Malliet\.m2\repository\org\springframework\cloud\spring-cloud-contract-shade\3.1.1\spring-cloud-contract-shade-3.1.1.jar;C:\Users\Francky Malliet\.m2\repository\org\springframework\cloud\spring-cloud-contract-converters\3.1.1\spring-cloud-contract-converters-3.1.1.jar;C:\Users\Francky Malliet\.m2\repository\org\springframework\cloud\spring-cloud-contract-spec\3.1.1\spring-cloud-contract-spec-3.1.1.jar;C:\Users\Francky Malliet\.m2\repository\org\springframework\cloud\spring-cloud-contract-spec-java\3.1.1\spring-cloud-contract-spec-java-3.1.1.jar;C:\Users\Francky Malliet\.m2\repository\dk\brics\automaton\automaton\1.11-8\automaton-1.11-8.jar;C:\Users\Francky Malliet\.m2\repository\org\springframework\cloud\spring-cloud-contract-spec-groovy\3.1.1\spring-cloud-contract-spec-groovy-3.1.1.jar;C:\Users\Francky Malliet\.m2\repository\org\eclipse\jgit\org.eclipse.jgit\5.12.0.202106070339-r\org.eclipse.jgit-5.12.0.202106070339-r.jar;C:\Users\Francky Malliet\.m2\repository\com\googlecode\javaewah\JavaEWAH\1.1.7\JavaEWAH-1.1.7.jar;C:\Users\Francky Malliet\.m2\repository\org\eclipse\jgit\org.eclipse.jgit.ssh.jsch\5.12.0.202106070339-r\org.eclipse.jgit.ssh.jsch-5.12.0.202106070339-r.jar;C:\Users\Francky Malliet\.m2\repository\com\jcraft\jsch\0.1.55\jsch-0.1.55.jar;C:\Users\Francky Malliet\.m2\repository\com\jcraft\jzlib\1.1.1\jzlib-1.1.1.jar;C:\Users\Francky Malliet\.m2\repository\com\jcraft\jsch.agentproxy.sshagent\0.0.9\jsch.agentproxy.sshagent-0.0.9.jar;C:\Users\Francky Malliet\.m2\repository\com\jcraft\jsch.agentproxy.core\0.0.9\jsch.agentproxy.core-0.0.9.jar;C:\Users\Francky Malliet\.m2\repository\com\jcraft\jsch.agentproxy.jsch\0.0.9\jsch.agentproxy.jsch-0.0.9.jar;C:\Users\Francky Malliet\.m2\repository\com\jcraft\jsch.agentproxy.usocket-jna\0.0.9\jsch.agentproxy.usocket-jna-0.0.9.jar;C:\Users\Francky Malliet\.m2\repository\net\java\dev\jna\jna\4.1.0\jna-4.1.0.jar;C:\Users\Francky Malliet\.m2\repository\net\java\dev\jna\jna-platform\4.1.0\jna-platform-4.1.0.jar;C:\Users\Francky Malliet\.m2\repository\org\springframework\cloud\spring-cloud-contract-wiremock\3.1.1\spring-cloud-contract-wiremock-3.1.1.jar;C:\Users\Francky Malliet\.m2\repository\com\github\tomakehurst\wiremock-jre8-standalone\2.31.0\wiremock-jre8-standalone-2.31.0.jar;C:\Users\Francky Malliet\.m2\repository\org\apache\httpcomponents\httpclient\4.5.13\httpclient-4.5.13.jar;C:\Users\Francky Malliet\.m2\repository\org\apache\httpcomponents\httpcore\4.4.15\httpcore-4.4.15.jar;C:\Users\Francky Malliet\.m2\repository\org\apache\maven\resolver\maven-resolver-api\1.4.1\maven-resolver-api-1.4.1.jar;C:\Users\Francky Malliet\.m2\repository\org\sonatype\sisu\sisu-inject-plexus\2.6.0\sisu-inject-plexus-2.6.0.jar;C:\Users\Francky Malliet\.m2\repository\org\sonatype\sisu\sisu-inject-bean\2.6.0\sisu-inject-bean-2.6.0.jar;C:\Users\Francky Malliet\.m2\repository\javax\enterprise\cdi-api\1.0\cdi-api-1.0.jar;C:\Users\Francky Malliet\.m2\repository\javax\annotation\jsr250-api\1.0\jsr250-api-1.0.jar;C:\Users\Francky Malliet\.m2\repository\org\sonatype\sisu\sisu-guice\3.2.5\sisu-guice-3.2.5-no_aop.jar;C:\Users\Francky Malliet\.m2\repository\org\eclipse\sisu\org.eclipse.sisu.inject\0.3.0\org.eclipse.sisu.inject-0.3.0.jar;C:\Users\Francky Malliet\.m2\repository\org\eclipse\sisu\org.eclipse.sisu.plexus\0.3.0\org.eclipse.sisu.plexus-0.3.0.jar;C:\Users\Francky Malliet\.m2\repository\com\github\tomakehurst\wiremock-jre8\2.33.2\wiremock-jre8-2.33.2.jar;C:\Users\Francky Malliet\.m2\repository\org\eclipse\jetty\jetty-server\9.4.45.v20220203\jetty-server-9.4.45.v20220203.jar;C:\Users\Francky Malliet\.m2\repository\javax\servlet\javax.servlet-api\4.0.1\javax.servlet-api-4.0.1.jar;C:\Users\Francky Malliet\.m2\repository\org\eclipse\jetty\jetty-http\9.4.45.v20220203\jetty-http-9.4.45.v20220203.jar;C:\Users\Francky Malliet\.m2\repository\org\eclipse\jetty\jetty-io\9.4.45.v20220203\jetty-io-9.4.45.v20220203.jar;C:\Users\Francky Malliet\.m2\repository\org\eclipse\jetty\jetty-servlet\9.4.45.v20220203\jetty-servlet-9.4.45.v20220203.jar;C:\Users\Francky Malliet\.m2\repository\org\eclipse\jetty\jetty-security\9.4.45.v20220203\jetty-security-9.4.45.v20220203.jar;C:\Users\Francky Malliet\.m2\repository\org\eclipse\jetty\jetty-util-ajax\9.4.45.v20220203\jetty-util-ajax-9.4.45.v20220203.jar;C:\Users\Francky Malliet\.m2\repository\org\eclipse\jetty\jetty-servlets\9.4.45.v20220203\jetty-servlets-9.4.45.v20220203.jar;C:\Users\Francky Malliet\.m2\repository\org\eclipse\jetty\jetty-continuation\9.4.45.v20220203\jetty-continuation-9.4.45.v20220203.jar;C:\Users\Francky Malliet\.m2\repository\org\eclipse\jetty\jetty-util\9.4.45.v20220203\jetty-util-9.4.45.v20220203.jar;C:\Users\Francky Malliet\.m2\repository\org\eclipse\jetty\jetty-webapp\9.4.45.v20220203\jetty-webapp-9.4.45.v20220203.jar;C:\Users\Francky Malliet\.m2\repository\org\eclipse\jetty\jetty-xml\9.4.45.v20220203\jetty-xml-9.4.45.v20220203.jar;C:\Users\Francky Malliet\.m2\repository\org\eclipse\jetty\jetty-proxy\9.4.45.v20220203\jetty-proxy-9.4.45.v20220203.jar;C:\Users\Francky Malliet\.m2\repository\org\eclipse\jetty\jetty-client\9.4.45.v20220203\jetty-client-9.4.45.v20220203.jar;C:\Users\Francky Malliet\.m2\repository\org\eclipse\jetty\http2\http2-server\9.4.45.v20220203\http2-server-9.4.45.v20220203.jar;C:\Users\Francky Malliet\.m2\repository\org\eclipse\jetty\http2\http2-common\9.4.45.v20220203\http2-common-9.4.45.v20220203.jar;C:\Users\Francky Malliet\.m2\repository\org\eclipse\jetty\http2\http2-hpack\9.4.45.v20220203\http2-hpack-9.4.45.v20220203.jar;C:\Users\Francky Malliet\.m2\repository\org\eclipse\jetty\jetty-alpn-server\9.4.45.v20220203\jetty-alpn-server-9.4.45.v20220203.jar;C:\Users\Francky Malliet\.m2\repository\org\eclipse\jetty\jetty-alpn-java-server\9.4.45.v20220203\jetty-alpn-java-server-9.4.45.v20220203.jar;C:\Users\Francky Malliet\.m2\repository\org\eclipse\jetty\jetty-alpn-openjdk8-server\9.4.45.v20220203\jetty-alpn-openjdk8-server-9.4.45.v20220203.jar;C:\Users\Francky Malliet\.m2\repository\org\eclipse\jetty\jetty-alpn-java-client\9.4.45.v20220203\jetty-alpn-java-client-9.4.45.v20220203.jar;C:\Users\Francky Malliet\.m2\repository\org\eclipse\jetty\jetty-alpn-client\9.4.45.v20220203\jetty-alpn-client-9.4.45.v20220203.jar;C:\Users\Francky Malliet\.m2\repository\org\eclipse\jetty\jetty-alpn-openjdk8-client\9.4.45.v20220203\jetty-alpn-openjdk8-client-9.4.45.v20220203.jar;C:\Users\Francky Malliet\.m2\repository\com\google\guava\guava\31.1-jre\guava-31.1-jre.jar;C:\Users\Francky Malliet\.m2\repository\com\google\guava\failureaccess\1.0.1\failureaccess-1.0.1.jar;C:\Users\Francky Malliet\.m2\repository\com\google\guava\listenablefuture\9999.0-empty-to-avoid-conflict-with-guava\listenablefuture-9999.0-empty-to-avoid-conflict-with-guava.jar;C:\Users\Francky Malliet\.m2\repository\com\google\code\findbugs\jsr305\3.0.2\jsr305-3.0.2.jar;C:\Users\Francky Malliet\.m2\repository\org\checkerframework\checker-qual\3.12.0\checker-qual-3.12.0.jar;C:\Users\Francky Malliet\.m2\repository\com\google\errorprone\error_prone_annotations\2.11.0\error_prone_annotations-2.11.0.jar;C:\Users\Francky Malliet\.m2\repository\com\google\j2objc\j2objc-annotations\1.3\j2objc-annotations-1.3.jar;C:\Users\Francky Malliet\.m2\repository\com\fasterxml\jackson\core\jackson-core\2.13.1\jackson-core-2.13.1.jar;C:\Users\Francky Malliet\.m2\repository\com\fasterxml\jackson\core\jackson-annotations\2.13.1\jackson-annotations-2.13.1.jar;C:\Users\Francky Malliet\.m2\repository\com\fasterxml\jackson\core\jackson-databind\2.13.1\jackson-databind-2.13.1.jar;C:\Users\Francky Malliet\.m2\repository\org\apache\httpcomponents\client5\httpclient5\5.1.3\httpclient5-5.1.3.jar;C:\Users\Francky Malliet\.m2\repository\org\apache\httpcomponents\core5\httpcore5\5.1.3\httpcore5-5.1.3.jar;C:\Users\Francky Malliet\.m2\repository\org\apache\httpcomponents\core5\httpcore5-h2\5.1.3\httpcore5-h2-5.1.3.jar;C:\Users\Francky Malliet\.m2\repository\commons-codec\commons-codec\1.15\commons-codec-1.15.jar;C:\Users\Francky Malliet\.m2\repository\org\xmlunit\xmlunit-legacy\2.8.4\xmlunit-legacy-2.8.4.jar;C:\Users\Francky Malliet\.m2\repository\org\xmlunit\xmlunit-placeholders\2.8.4\xmlunit-placeholders-2.8.4.jar;C:\Users\Francky Malliet\.m2\repository\net\javacrumbs\json-unit\json-unit-core\2.33.0\json-unit-core-2.33.0.jar;C:\Users\Francky Malliet\.m2\repository\org\ow2\asm\asm\9.3\asm-9.3.jar;C:\Users\Francky Malliet\.m2\repository\net\sf\jopt-simple\jopt-simple\5.0.4\jopt-simple-5.0.4.jar;C:\Users\Francky Malliet\.m2\repository\com\github\jknack\handlebars\4.3.0\handlebars-4.3.0.jar;C:\Users\Francky Malliet\.m2\repository\com\github\jknack\handlebars-helpers\4.3.0\handlebars-helpers-4.3.0.jar;C:\Users\Francky Malliet\.m2\repository\commons-fileupload\commons-fileupload\1.4\commons-fileupload-1.4.jar;C:\Users\Francky Malliet\.m2\repository\commons-io\commons-io\2.11.0\commons-io-2.11.0.jar;C:\Users\Francky Malliet\.m2\repository\ru\lanwen\wiremock\wiremock-junit5\1.3.1\wiremock-junit5-1.3.1.jar;C:\Users\Francky Malliet\.m2\repository\org\slf4j\slf4j-api\1.7.32\slf4j-api-1.7.32.jar;C:\Users\Francky Malliet\.m2\repository\ch\qos\logback\logback-core\1.2.6\logback-core-1.2.6.jar;C:\Users\Francky Malliet\.m2\repository\org\webjars\bootstrap\5.0.2\bootstrap-5.0.2.jar;C:\Users\Francky Malliet\.m2\repository\org\webjars\popper.js\2.9.2\popper.js-2.9.2.jar;C:\Users\Francky Malliet\.m2\repository\org\springframework\cloud\spring-cloud-starter-openfeign\3.1.0\spring-cloud-starter-openfeign-3.1.0.jar;C:\Users\Francky Malliet\.m2\repository\org\springframework\cloud\spring-cloud-openfeign-core\3.1.1\spring-cloud-openfeign-core-3.1.1.jar;C:\Users\Francky Malliet\.m2\repository\org\springframework\boot\spring-boot-starter-aop\2.6.4\spring-boot-starter-aop-2.6.4.jar;C:\Users\Francky Malliet\.m2\repository\org\aspectj\aspectjweaver\1.9.7\aspectjweaver-1.9.7.jar;C:\Users\Francky Malliet\.m2\repository\io\github\openfeign\form\feign-form-spring\3.8.0\feign-form-spring-3.8.0.jar;C:\Users\Francky Malliet\.m2\repository\io\github\openfeign\form\feign-form\3.8.0\feign-form-3.8.0.jar;C:\Users\Francky Malliet\.m2\repository\io\github\openfeign\feign-core\11.8\feign-core-11.8.jar;C:\Users\Francky Malliet\.m2\repository\io\github\openfeign\feign-slf4j\11.8\feign-slf4j-11.8.jar;C:\Users\Francky Malliet\.m2\repository\org\springframework\cloud\spring-cloud-starter-bootstrap\3.1.0\spring-cloud-starter-bootstrap-3.1.0.jar;C:\Users\Francky Malliet\.m2\repository\org\apache\commons\commons-lang3\3.0\commons-lang3-3.0.jar;"/>
    <property name="java.vm.vendor" value="AdoptOpenJDK"/>
    <property name="sun.arch.data.model" value="64"/>
    <property name="user.variant" value=""/>
    <property name="java.vendor.url" value="https://adoptopenjdk.net/"/>
    <property name="user.timezone" value="Europe/Paris"/>
    <property name="os.name" value="Windows 10"/>
    <property name="java.vm.specification.version" value="16"/>
    <property name="sun.java.launcher" value="SUN_STANDARD"/>
    <property name="user.country" value="FR"/>
    <property name="sun.boot.library.path" value="E:\Program Files\AdoptOpenJDK\jdk-16.0.1.9-hotspot\bin"/>
    <property name="sun.java.command" value="C:\Users\FRANCK~2\AppData\Local\Temp\surefire266992803656491197\surefirebooter1400573146675543975.jar C:\Users\Francky Malliet\AppData\Local\Temp\surefire266992803656491197 2022-05-04T17-49-51_944-jvmRun1 surefire16495733713983809294tmp surefire_08564755579892476952tmp"/>
    <property name="jdk.debug" value="release"/>
    <property name="surefire.test.class.path" value="E:\Users\Francky Malliet\git\MediscreenAssessMicroservice\target\test-classes;E:\Users\Francky Malliet\git\MediscreenAssessMicroservice\target\classes;C:\Users\Francky Malliet\.m2\repository\org\springframework\boot\spring-boot-starter-web\2.6.4\spring-boot-starter-web-2.6.4.jar;C:\Users\Francky Malliet\.m2\repository\org\springframework\boot\spring-boot-starter\2.6.4\spring-boot-starter-2.6.4.jar;C:\Users\Francky Malliet\.m2\repository\org\springframework\boot\spring-boot\2.6.4\spring-boot-2.6.4.jar;C:\Users\Francky Malliet\.m2\repository\org\springframework\boot\spring-boot-autoconfigure\2.6.4\spring-boot-autoconfigure-2.6.4.jar;C:\Users\Francky Malliet\.m2\repository\org\springframework\boot\spring-boot-starter-logging\2.6.4\spring-boot-starter-logging-2.6.4.jar;C:\Users\Francky Malliet\.m2\repository\ch\qos\logback\logback-classic\1.2.10\logback-classic-1.2.10.jar;C:\Users\Francky Malliet\.m2\repository\org\apache\logging\log4j\log4j-to-slf4j\2.17.1\log4j-to-slf4j-2.17.1.jar;C:\Users\Francky Malliet\.m2\repository\org\apache\logging\log4j\log4j-api\2.17.1\log4j-api-2.17.1.jar;C:\Users\Francky Malliet\.m2\repository\org\slf4j\jul-to-slf4j\1.7.36\jul-to-slf4j-1.7.36.jar;C:\Users\Francky Malliet\.m2\repository\jakarta\annotation\jakarta.annotation-api\1.3.5\jakarta.annotation-api-1.3.5.jar;C:\Users\Francky Malliet\.m2\repository\org\yaml\snakeyaml\1.29\snakeyaml-1.29.jar;C:\Users\Francky Malliet\.m2\repository\org\springframework\boot\spring-boot-starter-json\2.6.4\spring-boot-starter-json-2.6.4.jar;C:\Users\Francky Malliet\.m2\repository\com\fasterxml\jackson\datatype\jackson-datatype-jdk8\2.13.1\jackson-datatype-jdk8-2.13.1.jar;C:\Users\Francky Malliet\.m2\repository\com\fasterxml\jackson\datatype\jackson-datatype-jsr310\2.13.1\jackson-datatype-jsr310-2.13.1.jar;C:\Users\Francky Malliet\.m2\repository\com\fasterxml\jackson\module\jackson-module-parameter-names\2.13.1\jackson-module-parameter-names-2.13.1.jar;C:\Users\Francky Malliet\.m2\repository\org\springframework\boot\spring-boot-starter-tomcat\2.6.4\spring-boot-starter-tomcat-2.6.4.jar;C:\Users\Francky Malliet\.m2\repository\org\apache\tomcat\embed\tomcat-embed-core\9.0.58\tomcat-embed-core-9.0.58.jar;C:\Users\Francky Malliet\.m2\repository\org\apache\tomcat\embed\tomcat-embed-el\9.0.58\tomcat-embed-el-9.0.58.jar;C:\Users\Francky Malliet\.m2\repository\org\apache\tomcat\embed\tomcat-embed-websocket\9.0.58\tomcat-embed-websocket-9.0.58.jar;C:\Users\Francky Malliet\.m2\repository\org\springframework\spring-web\5.3.16\spring-web-5.3.16.jar;C:\Users\Francky Malliet\.m2\repository\org\springframework\spring-webmvc\5.3.16\spring-webmvc-5.3.16.jar;C:\Users\Francky Malliet\.m2\repository\org\springframework\spring-aop\5.3.16\spring-aop-5.3.16.jar;C:\Users\Francky Malliet\.m2\repository\org\springframework\boot\spring-boot-starter-test\2.6.4\spring-boot-starter-test-2.6.4.jar;C:\Users\Francky Malliet\.m2\repository\org\springframework\boot\spring-boot-test\2.6.4\spring-boot-test-2.6.4.jar;C:\Users\Francky Malliet\.m2\repository\org\springframework\boot\spring-boot-test-autoconfigure\2.6.4\spring-boot-test-autoconfigure-2.6.4.jar;C:\Users\Francky Malliet\.m2\repository\com\jayway\jsonpath\json-path\2.6.0\json-path-2.6.0.jar;C:\Users\Francky Malliet\.m2\repository\net\minidev\json-smart\2.4.8\json-smart-2.4.8.jar;C:\Users\Francky Malliet\.m2\repository\net\minidev\accessors-smart\2.4.8\accessors-smart-2.4.8.jar;C:\Users\Francky Malliet\.m2\repository\jakarta\xml\bind\jakarta.xml.bind-api\2.3.3\jakarta.xml.bind-api-2.3.3.jar;C:\Users\Francky Malliet\.m2\repository\jakarta\activation\jakarta.activation-api\1.2.2\jakarta.activation-api-1.2.2.jar;C:\Users\Francky Malliet\.m2\repository\org\assertj\assertj-core\3.21.0\assertj-core-3.21.0.jar;C:\Users\Francky Malliet\.m2\repository\org\hamcrest\hamcrest\2.2\hamcrest-2.2.jar;C:\Users\Francky Malliet\.m2\repository\org\junit\jupiter\junit-jupiter\5.8.2\junit-jupiter-5.8.2.jar;C:\Users\Francky Malliet\.m2\repository\org\junit\jupiter\junit-jupiter-api\5.8.2\junit-jupiter-api-5.8.2.jar;C:\Users\Francky Malliet\.m2\repository\org\opentest4j\opentest4j\1.2.0\opentest4j-1.2.0.jar;C:\Users\Francky Malliet\.m2\repository\org\junit\platform\junit-platform-commons\1.8.2\junit-platform-commons-1.8.2.jar;C:\Users\Francky Malliet\.m2\repository\org\apiguardian\apiguardian-api\1.1.2\apiguardian-api-1.1.2.jar;C:\Users\Francky Malliet\.m2\repository\org\junit\jupiter\junit-jupiter-params\5.8.2\junit-jupiter-params-5.8.2.jar;C:\Users\Francky Malliet\.m2\repository\org\junit\jupiter\junit-jupiter-engine\5.8.2\junit-jupiter-engine-5.8.2.jar;C:\Users\Francky Malliet\.m2\repository\org\junit\platform\junit-platform-engine\1.8.2\junit-platform-engine-1.8.2.jar;C:\Users\Francky Malliet\.m2\repository\org\mockito\mockito-core\4.0.0\mockito-core-4.0.0.jar;C:\Users\Francky Malliet\.m2\repository\net\bytebuddy\byte-buddy\1.11.22\byte-buddy-1.11.22.jar;C:\Users\Francky Malliet\.m2\repository\net\bytebuddy\byte-buddy-agent\1.11.22\byte-buddy-agent-1.11.22.jar;C:\Users\Francky Malliet\.m2\repository\org\objenesis\objenesis\3.2\objenesis-3.2.jar;C:\Users\Francky Malliet\.m2\repository\org\mockito\mockito-junit-jupiter\4.0.0\mockito-junit-jupiter-4.0.0.jar;C:\Users\Francky Malliet\.m2\repository\org\skyscreamer\jsonassert\1.5.0\jsonassert-1.5.0.jar;C:\Users\Francky Malliet\.m2\repository\com\vaadin\external\google\android-json\0.0.20131108.vaadin1\android-json-0.0.20131108.vaadin1.jar;C:\Users\Francky Malliet\.m2\repository\org\springframework\spring-core\5.3.16\spring-core-5.3.16.jar;C:\Users\Francky Malliet\.m2\repository\org\springframework\spring-jcl\5.3.16\spring-jcl-5.3.16.jar;C:\Users\Francky Malliet\.m2\repository\org\springframework\spring-test\5.3.16\spring-test-5.3.16.jar;C:\Users\Francky Malliet\.m2\repository\org\xmlunit\xmlunit-core\2.8.4\xmlunit-core-2.8.4.jar;C:\Users\Francky Malliet\.m2\repository\org\springframework\boot\spring-boot-starter-validation\2.4.1\spring-boot-starter-validation-2.4.1.jar;C:\Users\Francky Malliet\.m2\repository\org\glassfish\jakarta.el\3.0.4\jakarta.el-3.0.4.jar;C:\Users\Francky Malliet\.m2\repository\org\hibernate\validator\hibernate-validator\6.2.2.Final\hibernate-validator-6.2.2.Final.jar;C:\Users\Francky Malliet\.m2\repository\jakarta\validation\jakarta.validation-api\2.0.2\jakarta.validation-api-2.0.2.jar;C:\Users\Francky Malliet\.m2\repository\org\jboss\logging\jboss-logging\3.4.3.Final\jboss-logging-3.4.3.Final.jar;C:\Users\Francky Malliet\.m2\repository\com\fasterxml\classmate\1.5.1\classmate-1.5.1.jar;C:\Users\Francky Malliet\.m2\repository\org\springframework\cloud\spring-cloud-starter\3.1.0\spring-cloud-starter-3.1.0.jar;C:\Users\Francky Malliet\.m2\repository\org\springframework\cloud\spring-cloud-context\3.1.1\spring-cloud-context-3.1.1.jar;C:\Users\Francky Malliet\.m2\repository\org\springframework\security\spring-security-crypto\5.6.2\spring-security-crypto-5.6.2.jar;C:\Users\Francky Malliet\.m2\repository\org\springframework\cloud\spring-cloud-commons\3.1.1\spring-cloud-commons-3.1.1.jar;C:\Users\Francky Malliet\.m2\repository\org\springframework\security\spring-security-rsa\1.0.10.RELEASE\spring-security-rsa-1.0.10.RELEASE.jar;C:\Users\Francky Malliet\.m2\repository\org\bouncycastle\bcpkix-jdk15on\1.68\bcpkix-jdk15on-1.68.jar;C:\Users\Francky Malliet\.m2\repository\org\bouncycastle\bcprov-jdk15on\1.68\bcprov-jdk15on-1.68.jar;C:\Users\Francky Malliet\.m2\repository\org\springframework\boot\spring-boot-starter-thymeleaf\2.6.4\spring-boot-starter-thymeleaf-2.6.4.jar;C:\Users\Francky Malliet\.m2\repository\org\thymeleaf\thymeleaf\3.0.11.RELEASE\thymeleaf-3.0.11.RELEASE.jar;C:\Users\Francky Malliet\.m2\repository\ognl\ognl\3.1.12\ognl-3.1.12.jar;C:\Users\Francky Malliet\.m2\repository\org\javassist\javassist\3.20.0-GA\javassist-3.20.0-GA.jar;C:\Users\Francky Malliet\.m2\repository\org\attoparser\attoparser\2.0.5.RELEASE\attoparser-2.0.5.RELEASE.jar;C:\Users\Francky Malliet\.m2\repository\org\unbescape\unbescape\1.1.6.RELEASE\unbescape-1.1.6.RELEASE.jar;C:\Users\Francky Malliet\.m2\repository\org\thymeleaf\thymeleaf-spring5\3.0.11.RELEASE\thymeleaf-spring5-3.0.11.RELEASE.jar;C:\Users\Francky Malliet\.m2\repository\org\thymeleaf\extras\thymeleaf-extras-java8time\2.1.0.RELEASE\thymeleaf-extras-java8time-2.1.0.RELEASE.jar;C:\Users\Francky Malliet\.m2\repository\org\springframework\data\spring-data-mongodb\3.3.1\spring-data-mongodb-3.3.1.jar;C:\Users\Francky Malliet\.m2\repository\org\springframework\spring-tx\5.3.16\spring-tx-5.3.16.jar;C:\Users\Francky Malliet\.m2\repository\org\springframework\spring-context\5.3.16\spring-context-5.3.16.jar;C:\Users\Francky Malliet\.m2\repository\org\springframework\spring-beans\5.3.16\spring-beans-5.3.16.jar;C:\Users\Francky Malliet\.m2\repository\org\springframework\spring-expression\5.3.16\spring-expression-5.3.16.jar;C:\Users\Francky Malliet\.m2\repository\org\springframework\data\spring-data-commons\2.6.2\spring-data-commons-2.6.2.jar;C:\Users\Francky Malliet\.m2\repository\org\mongodb\mongodb-driver-core\4.4.2\mongodb-driver-core-4.4.2.jar;C:\Users\Francky Malliet\.m2\repository\org\mongodb\bson\4.4.2\bson-4.4.2.jar;C:\Users\Francky Malliet\.m2\repository\junit\junit\4.13.2\junit-4.13.2.jar;C:\Users\Francky Malliet\.m2\repository\org\hamcrest\hamcrest-core\2.2\hamcrest-core-2.2.jar;C:\Users\Francky Malliet\.m2\repository\org\apache\maven\plugins\maven-surefire-plugin\3.0.0-M5\maven-surefire-plugin-3.0.0-M5.jar;C:\Users\Francky Malliet\.m2\repository\org\apache\maven\surefire\maven-surefire-common\3.0.0-M5\maven-surefire-common-3.0.0-M5.jar;C:\Users\Francky Malliet\.m2\repository\org\apache\maven\surefire\surefire-api\3.0.0-M5\surefire-api-3.0.0-M5.jar;C:\Users\Francky Malliet\.m2\repository\org\apache\maven\surefire\surefire-logger-api\3.0.0-M5\surefire-logger-api-3.0.0-M5.jar;C:\Users\Francky Malliet\.m2\repository\org\apache\maven\surefire\surefire-extensions-api\3.0.0-M5\surefire-extensions-api-3.0.0-M5.jar;C:\Users\Francky Malliet\.m2\repository\org\apache\maven\surefire\surefire-booter\3.0.0-M5\surefire-booter-3.0.0-M5.jar;C:\Users\Francky Malliet\.m2\repository\org\apache\maven\surefire\surefire-extensions-spi\3.0.0-M5\surefire-extensions-spi-3.0.0-M5.jar;C:\Users\Francky Malliet\.m2\repository\org\apache\maven\maven-toolchain\3.0-alpha-2\maven-toolchain-3.0-alpha-2.jar;C:\Users\Francky Malliet\.m2\repository\org\apache\maven\shared\maven-artifact-transfer\0.11.0\maven-artifact-transfer-0.11.0.jar;C:\Users\Francky Malliet\.m2\repository\org\apache\maven\shared\maven-common-artifact-filters\3.0.1\maven-common-artifact-filters-3.0.1.jar;C:\Users\Francky Malliet\.m2\repository\org\apache\maven\shared\maven-shared-utils\3.1.0\maven-shared-utils-3.1.0.jar;C:\Users\Francky Malliet\.m2\repository\org\codehaus\plexus\plexus-java\1.0.5\plexus-java-1.0.5.jar;C:\Users\Francky Malliet\.m2\repository\com\thoughtworks\qdox\qdox\2.0-M9\qdox-2.0-M9.jar;C:\Users\Francky Malliet\.m2\repository\org\apache\maven\surefire\surefire-shared-utils\3.0.0-M4\surefire-shared-utils-3.0.0-M4.jar;C:\Users\Francky Malliet\.m2\repository\org\jacoco\jacoco-maven-plugin\0.8.4\jacoco-maven-plugin-0.8.4.jar;C:\Users\Francky Malliet\.m2\repository\org\apache\maven\maven-plugin-api\3.0\maven-plugin-api-3.0.jar;C:\Users\Francky Malliet\.m2\repository\org\apache\maven\maven-model\3.0\maven-model-3.0.jar;C:\Users\Francky Malliet\.m2\repository\org\apache\maven\maven-artifact\3.0\maven-artifact-3.0.jar;C:\Users\Francky Malliet\.m2\repository\org\apache\maven\maven-core\3.0\maven-core-3.0.jar;C:\Users\Francky Malliet\.m2\repository\org\apache\maven\maven-settings\3.0\maven-settings-3.0.jar;C:\Users\Francky Malliet\.m2\repository\org\apache\maven\maven-settings-builder\3.0\maven-settings-builder-3.0.jar;C:\Users\Francky Malliet\.m2\repository\org\apache\maven\maven-repository-metadata\3.0\maven-repository-metadata-3.0.jar;C:\Users\Francky Malliet\.m2\repository\org\apache\maven\maven-model-builder\3.0\maven-model-builder-3.0.jar;C:\Users\Francky Malliet\.m2\repository\org\apache\maven\maven-aether-provider\3.0\maven-aether-provider-3.0.jar;C:\Users\Francky Malliet\.m2\repository\org\sonatype\aether\aether-impl\1.7\aether-impl-1.7.jar;C:\Users\Francky Malliet\.m2\repository\org\sonatype\aether\aether-spi\1.7\aether-spi-1.7.jar;C:\Users\Francky Malliet\.m2\repository\org\sonatype\aether\aether-api\1.7\aether-api-1.7.jar;C:\Users\Francky Malliet\.m2\repository\org\sonatype\aether\aether-util\1.7\aether-util-1.7.jar;C:\Users\Francky Malliet\.m2\repository\org\codehaus\plexus\plexus-interpolation\1.14\plexus-interpolation-1.14.jar;C:\Users\Francky Malliet\.m2\repository\org\codehaus\plexus\plexus-classworlds\2.2.3\plexus-classworlds-2.2.3.jar;C:\Users\Francky Malliet\.m2\repository\org\codehaus\plexus\plexus-component-annotations\1.5.5\plexus-component-annotations-1.5.5.jar;C:\Users\Francky Malliet\.m2\repository\org\sonatype\plexus\plexus-sec-dispatcher\1.3\plexus-sec-dispatcher-1.3.jar;C:\Users\Francky Malliet\.m2\repository\org\sonatype\plexus\plexus-cipher\1.4\plexus-cipher-1.4.jar;C:\Users\Francky Malliet\.m2\repository\org\codehaus\plexus\plexus-utils\3.0.22\plexus-utils-3.0.22.jar;C:\Users\Francky Malliet\.m2\repository\org\apache\maven\shared\file-management\1.2.1\file-management-1.2.1.jar;C:\Users\Francky Malliet\.m2\repository\org\apache\maven\shared\maven-shared-io\1.1\maven-shared-io-1.1.jar;C:\Users\Francky Malliet\.m2\repository\org\apache\maven\maven-artifact-manager\2.0.2\maven-artifact-manager-2.0.2.jar;C:\Users\Francky Malliet\.m2\repository\org\apache\maven\wagon\wagon-provider-api\1.0-alpha-6\wagon-provider-api-1.0-alpha-6.jar;C:\Users\Francky Malliet\.m2\repository\org\codehaus\plexus\plexus-container-default\1.0-alpha-9\plexus-container-default-1.0-alpha-9.jar;C:\Users\Francky Malliet\.m2\repository\classworlds\classworlds\1.1-alpha-2\classworlds-1.1-alpha-2.jar;C:\Users\Francky Malliet\.m2\repository\org\apache\maven\reporting\maven-reporting-api\3.0\maven-reporting-api-3.0.jar;C:\Users\Francky Malliet\.m2\repository\org\apache\maven\doxia\doxia-sink-api\1.0\doxia-sink-api-1.0.jar;C:\Users\Francky Malliet\.m2\repository\org\apache\maven\reporting\maven-reporting-impl\2.1\maven-reporting-impl-2.1.jar;C:\Users\Francky Malliet\.m2\repository\org\apache\maven\maven-project\2.0.10\maven-project-2.0.10.jar;C:\Users\Francky Malliet\.m2\repository\org\apache\maven\maven-profile\2.0.10\maven-profile-2.0.10.jar;C:\Users\Francky Malliet\.m2\repository\org\apache\maven\maven-plugin-registry\2.0.10\maven-plugin-registry-2.0.10.jar;C:\Users\Francky Malliet\.m2\repository\org\apache\maven\doxia\doxia-core\1.1.2\doxia-core-1.1.2.jar;C:\Users\Francky Malliet\.m2\repository\org\apache\maven\doxia\doxia-logging-api\1.1.2\doxia-logging-api-1.1.2.jar;C:\Users\Francky Malliet\.m2\repository\xerces\xercesImpl\2.8.1\xercesImpl-2.8.1.jar;C:\Users\Francky Malliet\.m2\repository\commons-lang\commons-lang\2.4\commons-lang-2.4.jar;C:\Users\Francky Malliet\.m2\repository\commons-httpclient\commons-httpclient\3.1\commons-httpclient-3.1.jar;C:\Users\Francky Malliet\.m2\repository\org\apache\maven\doxia\doxia-site-renderer\1.1.2\doxia-site-renderer-1.1.2.jar;C:\Users\Francky Malliet\.m2\repository\org\apache\maven\doxia\doxia-decoration-model\1.1.2\doxia-decoration-model-1.1.2.jar;C:\Users\Francky Malliet\.m2\repository\org\apache\maven\doxia\doxia-module-xhtml\1.1.2\doxia-module-xhtml-1.1.2.jar;C:\Users\Francky Malliet\.m2\repository\org\apache\maven\doxia\doxia-module-fml\1.1.2\doxia-module-fml-1.1.2.jar;C:\Users\Francky Malliet\.m2\repository\org\codehaus\plexus\plexus-i18n\1.0-beta-7\plexus-i18n-1.0-beta-7.jar;C:\Users\Francky Malliet\.m2\repository\org\codehaus\plexus\plexus-velocity\1.1.7\plexus-velocity-1.1.7.jar;C:\Users\Francky Malliet\.m2\repository\org\apache\velocity\velocity\1.5\velocity-1.5.jar;C:\Users\Francky Malliet\.m2\repository\commons-collections\commons-collections\3.2\commons-collections-3.2.jar;C:\Users\Francky Malliet\.m2\repository\commons-validator\commons-validator\1.2.0\commons-validator-1.2.0.jar;C:\Users\Francky Malliet\.m2\repository\commons-beanutils\commons-beanutils\1.7.0\commons-beanutils-1.7.0.jar;C:\Users\Francky Malliet\.m2\repository\commons-digester\commons-digester\1.6\commons-digester-1.6.jar;C:\Users\Francky Malliet\.m2\repository\commons-logging\commons-logging\1.0.4\commons-logging-1.0.4.jar;C:\Users\Francky Malliet\.m2\repository\oro\oro\2.0.8\oro-2.0.8.jar;C:\Users\Francky Malliet\.m2\repository\xml-apis\xml-apis\1.0.b2\xml-apis-1.0.b2.jar;C:\Users\Francky Malliet\.m2\repository\org\jacoco\org.jacoco.agent\0.8.4\org.jacoco.agent-0.8.4-runtime.jar;C:\Users\Francky Malliet\.m2\repository\org\jacoco\org.jacoco.core\0.8.4\org.jacoco.core-0.8.4.jar;C:\Users\Francky Malliet\.m2\repository\org\ow2\asm\asm-commons\7.1\asm-commons-7.1.jar;C:\Users\Francky Malliet\.m2\repository\org\ow2\asm\asm-analysis\7.1\asm-analysis-7.1.jar;C:\Users\Francky Malliet\.m2\repository\org\ow2\asm\asm-tree\7.1\asm-tree-7.1.jar;C:\Users\Francky Malliet\.m2\repository\org\jacoco\org.jacoco.report\0.8.4\org.jacoco.report-0.8.4.jar;C:\Users\Francky Malliet\.m2\repository\org\springframework\cloud\spring-cloud-starter-contract-stub-runner\3.1.1\spring-cloud-starter-contract-stub-runner-3.1.1.jar;C:\Users\Francky Malliet\.m2\repository\org\springframework\cloud\spring-cloud-contract-stub-runner\3.1.1\spring-cloud-contract-stub-runner-3.1.1.jar;C:\Users\Francky Malliet\.m2\repository\org\springframework\cloud\spring-cloud-contract-verifier\3.1.1\spring-cloud-contract-verifier-3.1.1.jar;C:\Users\Francky Malliet\.m2\repository\org\apache\commons\commons-text\1.9\commons-text-1.9.jar;C:\Users\Francky Malliet\.m2\repository\javax\inject\javax.inject\1\javax.inject-1.jar;C:\Users\Francky Malliet\.m2\repository\com\toomuchcoding\jsonassert\jsonassert\0.6.1\jsonassert-0.6.1.jar;C:\Users\Francky Malliet\.m2\repository\com\rackspace\eclipse\webtools\sourceediting\org.eclipse.wst.xml.xpath2.processor\2.1.100\org.eclipse.wst.xml.xpath2.processor-2.1.100.jar;C:\Users\Francky Malliet\.m2\repository\edu\princeton\cup\java-cup\10k\java-cup-10k.jar;C:\Users\Francky Malliet\.m2\repository\com\ibm\icu\icu4j\4.6\icu4j-4.6.jar;C:\Users\Francky Malliet\.m2\repository\org\codehaus\groovy\groovy\3.0.9\groovy-3.0.9.jar;C:\Users\Francky Malliet\.m2\repository\org\codehaus\groovy\groovy-nio\3.0.9\groovy-nio-3.0.9.jar;C:\Users\Francky Malliet\.m2\repository\org\codehaus\groovy\groovy-json\3.0.9\groovy-json-3.0.9.jar;C:\Users\Francky Malliet\.m2\repository\org\codehaus\groovy\groovy-xml\3.0.9\groovy-xml-3.0.9.jar;C:\Users\Francky Malliet\.m2\repository\com\fasterxml\jackson\dataformat\jackson-dataformat-yaml\2.13.1\jackson-dataformat-yaml-2.13.1.jar;C:\Users\Francky Malliet\.m2\repository\net\javacrumbs\json-unit\json-unit-assertj\2.27.0\json-unit-assertj-2.27.0.jar;C:\Users\Francky Malliet\.m2\repository\net\javacrumbs\json-unit\json-unit-json-path\2.27.0\json-unit-json-path-2.27.0.jar;C:\Users\Francky Malliet\.m2\repository\org\springframework\cloud\spring-cloud-function-compiler\3.0.6.RELEASE\spring-cloud-function-compiler-3.0.6.RELEASE.jar;C:\Users\Francky Malliet\.m2\repository\io\projectreactor\reactor-core\3.4.15\reactor-core-3.4.15.jar;C:\Users\Francky Malliet\.m2\repository\org\reactivestreams\reactive-streams\1.0.3\reactive-streams-1.0.3.jar;C:\Users\Francky Malliet\.m2\repository\org\eclipse\jdt\core\compiler\ecj\4.4.2\ecj-4.4.2.jar;C:\Users\Francky Malliet\.m2\repository\javax\annotation\javax.annotation-api\1.3.2\javax.annotation-api-1.3.2.jar;C:\Users\Francky Malliet\.m2\repository\org\springframework\cloud\spring-cloud-contract-shade\3.1.1\spring-cloud-contract-shade-3.1.1.jar;C:\Users\Francky Malliet\.m2\repository\org\springframework\cloud\spring-cloud-contract-converters\3.1.1\spring-cloud-contract-converters-3.1.1.jar;C:\Users\Francky Malliet\.m2\repository\org\springframework\cloud\spring-cloud-contract-spec\3.1.1\spring-cloud-contract-spec-3.1.1.jar;C:\Users\Francky Malliet\.m2\repository\org\springframework\cloud\spring-cloud-contract-spec-java\3.1.1\spring-cloud-contract-spec-java-3.1.1.jar;C:\Users\Francky Malliet\.m2\repository\dk\brics\automaton\automaton\1.11-8\automaton-1.11-8.jar;C:\Users\Francky Malliet\.m2\repository\org\springframework\cloud\spring-cloud-contract-spec-groovy\3.1.1\spring-cloud-contract-spec-groovy-3.1.1.jar;C:\Users\Francky Malliet\.m2\repository\org\eclipse\jgit\org.eclipse.jgit\5.12.0.202106070339-r\org.eclipse.jgit-5.12.0.202106070339-r.jar;C:\Users\Francky Malliet\.m2\repository\com\googlecode\javaewah\JavaEWAH\1.1.7\JavaEWAH-1.1.7.jar;C:\Users\Francky Malliet\.m2\repository\org\eclipse\jgit\org.eclipse.jgit.ssh.jsch\5.12.0.202106070339-r\org.eclipse.jgit.ssh.jsch-5.12.0.202106070339-r.jar;C:\Users\Francky Malliet\.m2\repository\com\jcraft\jsch\0.1.55\jsch-0.1.55.jar;C:\Users\Francky Malliet\.m2\repository\com\jcraft\jzlib\1.1.1\jzlib-1.1.1.jar;C:\Users\Francky Malliet\.m2\repository\com\jcraft\jsch.agentproxy.sshagent\0.0.9\jsch.agentproxy.sshagent-0.0.9.jar;C:\Users\Francky Malliet\.m2\repository\com\jcraft\jsch.agentproxy.core\0.0.9\jsch.agentproxy.core-0.0.9.jar;C:\Users\Francky Malliet\.m2\repository\com\jcraft\jsch.agentproxy.jsch\0.0.9\jsch.agentproxy.jsch-0.0.9.jar;C:\Users\Francky Malliet\.m2\repository\com\jcraft\jsch.agentproxy.usocket-jna\0.0.9\jsch.agentproxy.usocket-jna-0.0.9.jar;C:\Users\Francky Malliet\.m2\repository\net\java\dev\jna\jna\4.1.0\jna-4.1.0.jar;C:\Users\Francky Malliet\.m2\repository\net\java\dev\jna\jna-platform\4.1.0\jna-platform-4.1.0.jar;C:\Users\Francky Malliet\.m2\repository\org\springframework\cloud\spring-cloud-contract-wiremock\3.1.1\spring-cloud-contract-wiremock-3.1.1.jar;C:\Users\Francky Malliet\.m2\repository\com\github\tomakehurst\wiremock-jre8-standalone\2.31.0\wiremock-jre8-standalone-2.31.0.jar;C:\Users\Francky Malliet\.m2\repository\org\apache\httpcomponents\httpclient\4.5.13\httpclient-4.5.13.jar;C:\Users\Francky Malliet\.m2\repository\org\apache\httpcomponents\httpcore\4.4.15\httpcore-4.4.15.jar;C:\Users\Francky Malliet\.m2\repository\org\apache\maven\resolver\maven-resolver-api\1.4.1\maven-resolver-api-1.4.1.jar;C:\Users\Francky Malliet\.m2\repository\org\sonatype\sisu\sisu-inject-plexus\2.6.0\sisu-inject-plexus-2.6.0.jar;C:\Users\Francky Malliet\.m2\repository\org\sonatype\sisu\sisu-inject-bean\2.6.0\sisu-inject-bean-2.6.0.jar;C:\Users\Francky Malliet\.m2\repository\javax\enterprise\cdi-api\1.0\cdi-api-1.0.jar;C:\Users\Francky Malliet\.m2\repository\javax\annotation\jsr250-api\1.0\jsr250-api-1.0.jar;C:\Users\Francky Malliet\.m2\repository\org\sonatype\sisu\sisu-guice\3.2.5\sisu-guice-3.2.5-no_aop.jar;C:\Users\Francky Malliet\.m2\repository\org\eclipse\sisu\org.eclipse.sisu.inject\0.3.0\org.eclipse.sisu.inject-0.3.0.jar;C:\Users\Francky Malliet\.m2\repository\org\eclipse\sisu\org.eclipse.sisu.plexus\0.3.0\org.eclipse.sisu.plexus-0.3.0.jar;C:\Users\Francky Malliet\.m2\repository\com\github\tomakehurst\wiremock-jre8\2.33.2\wiremock-jre8-2.33.2.jar;C:\Users\Francky Malliet\.m2\repository\org\eclipse\jetty\jetty-server\9.4.45.v20220203\jetty-server-9.4.45.v20220203.jar;C:\Users\Francky Malliet\.m2\repository\javax\servlet\javax.servlet-api\4.0.1\javax.servlet-api-4.0.1.jar;C:\Users\Francky Malliet\.m2\repository\org\eclipse\jetty\jetty-http\9.4.45.v20220203\jetty-http-9.4.45.v20220203.jar;C:\Users\Francky Malliet\.m2\repository\org\eclipse\jetty\jetty-io\9.4.45.v20220203\jetty-io-9.4.45.v20220203.jar;C:\Users\Francky Malliet\.m2\repository\org\eclipse\jetty\jetty-servlet\9.4.45.v20220203\jetty-servlet-9.4.45.v20220203.jar;C:\Users\Francky Malliet\.m2\repository\org\eclipse\jetty\jetty-security\9.4.45.v20220203\jetty-security-9.4.45.v20220203.jar;C:\Users\Francky Malliet\.m2\repository\org\eclipse\jetty\jetty-util-ajax\9.4.45.v20220203\jetty-util-ajax-9.4.45.v20220203.jar;C:\Users\Francky Malliet\.m2\repository\org\eclipse\jetty\jetty-servlets\9.4.45.v20220203\jetty-servlets-9.4.45.v20220203.jar;C:\Users\Francky Malliet\.m2\repository\org\eclipse\jetty\jetty-continuation\9.4.45.v20220203\jetty-continuation-9.4.45.v20220203.jar;C:\Users\Francky Malliet\.m2\repository\org\eclipse\jetty\jetty-util\9.4.45.v20220203\jetty-util-9.4.45.v20220203.jar;C:\Users\Francky Malliet\.m2\repository\org\eclipse\jetty\jetty-webapp\9.4.45.v20220203\jetty-webapp-9.4.45.v20220203.jar;C:\Users\Francky Malliet\.m2\repository\org\eclipse\jetty\jetty-xml\9.4.45.v20220203\jetty-xml-9.4.45.v20220203.jar;C:\Users\Francky Malliet\.m2\repository\org\eclipse\jetty\jetty-proxy\9.4.45.v20220203\jetty-proxy-9.4.45.v20220203.jar;C:\Users\Francky Malliet\.m2\repository\org\eclipse\jetty\jetty-client\9.4.45.v20220203\jetty-client-9.4.45.v20220203.jar;C:\Users\Francky Malliet\.m2\repository\org\eclipse\jetty\http2\http2-server\9.4.45.v20220203\http2-server-9.4.45.v20220203.jar;C:\Users\Francky Malliet\.m2\repository\org\eclipse\jetty\http2\http2-common\9.4.45.v20220203\http2-common-9.4.45.v20220203.jar;C:\Users\Francky Malliet\.m2\repository\org\eclipse\jetty\http2\http2-hpack\9.4.45.v20220203\http2-hpack-9.4.45.v20220203.jar;C:\Users\Francky Malliet\.m2\repository\org\eclipse\jetty\jetty-alpn-server\9.4.45.v20220203\jetty-alpn-server-9.4.45.v20220203.jar;C:\Users\Francky Malliet\.m2\repository\org\eclipse\jetty\jetty-alpn-java-server\9.4.45.v20220203\jetty-alpn-java-server-9.4.45.v20220203.jar;C:\Users\Francky Malliet\.m2\repository\org\eclipse\jetty\jetty-alpn-openjdk8-server\9.4.45.v20220203\jetty-alpn-openjdk8-server-9.4.45.v20220203.jar;C:\Users\Francky Malliet\.m2\repository\org\eclipse\jetty\jetty-alpn-java-client\9.4.45.v20220203\jetty-alpn-java-client-9.4.45.v20220203.jar;C:\Users\Francky Malliet\.m2\repository\org\eclipse\jetty\jetty-alpn-client\9.4.45.v20220203\jetty-alpn-client-9.4.45.v20220203.jar;C:\Users\Francky Malliet\.m2\repository\org\eclipse\jetty\jetty-alpn-openjdk8-client\9.4.45.v20220203\jetty-alpn-openjdk8-client-9.4.45.v20220203.jar;C:\Users\Francky Malliet\.m2\repository\com\google\guava\guava\31.1-jre\guava-31.1-jre.jar;C:\Users\Francky Malliet\.m2\repository\com\google\guava\failureaccess\1.0.1\failureaccess-1.0.1.jar;C:\Users\Francky Malliet\.m2\repository\com\google\guava\listenablefuture\9999.0-empty-to-avoid-conflict-with-guava\listenablefuture-9999.0-empty-to-avoid-conflict-with-guava.jar;C:\Users\Francky Malliet\.m2\repository\com\google\code\findbugs\jsr305\3.0.2\jsr305-3.0.2.jar;C:\Users\Francky Malliet\.m2\repository\org\checkerframework\checker-qual\3.12.0\checker-qual-3.12.0.jar;C:\Users\Francky Malliet\.m2\repository\com\google\errorprone\error_prone_annotations\2.11.0\error_prone_annotations-2.11.0.jar;C:\Users\Francky Malliet\.m2\repository\com\google\j2objc\j2objc-annotations\1.3\j2objc-annotations-1.3.jar;C:\Users\Francky Malliet\.m2\repository\com\fasterxml\jackson\core\jackson-core\2.13.1\jackson-core-2.13.1.jar;C:\Users\Francky Malliet\.m2\repository\com\fasterxml\jackson\core\jackson-annotations\2.13.1\jackson-annotations-2.13.1.jar;C:\Users\Francky Malliet\.m2\repository\com\fasterxml\jackson\core\jackson-databind\2.13.1\jackson-databind-2.13.1.jar;C:\Users\Francky Malliet\.m2\repository\org\apache\httpcomponents\client5\httpclient5\5.1.3\httpclient5-5.1.3.jar;C:\Users\Francky Malliet\.m2\repository\org\apache\httpcomponents\core5\httpcore5\5.1.3\httpcore5-5.1.3.jar;C:\Users\Francky Malliet\.m2\repository\org\apache\httpcomponents\core5\httpcore5-h2\5.1.3\httpcore5-h2-5.1.3.jar;C:\Users\Francky Malliet\.m2\repository\commons-codec\commons-codec\1.15\commons-codec-1.15.jar;C:\Users\Francky Malliet\.m2\repository\org\xmlunit\xmlunit-legacy\2.8.4\xmlunit-legacy-2.8.4.jar;C:\Users\Francky Malliet\.m2\repository\org\xmlunit\xmlunit-placeholders\2.8.4\xmlunit-placeholders-2.8.4.jar;C:\Users\Francky Malliet\.m2\repository\net\javacrumbs\json-unit\json-unit-core\2.33.0\json-unit-core-2.33.0.jar;C:\Users\Francky Malliet\.m2\repository\org\ow2\asm\asm\9.3\asm-9.3.jar;C:\Users\Francky Malliet\.m2\repository\net\sf\jopt-simple\jopt-simple\5.0.4\jopt-simple-5.0.4.jar;C:\Users\Francky Malliet\.m2\repository\com\github\jknack\handlebars\4.3.0\handlebars-4.3.0.jar;C:\Users\Francky Malliet\.m2\repository\com\github\jknack\handlebars-helpers\4.3.0\handlebars-helpers-4.3.0.jar;C:\Users\Francky Malliet\.m2\repository\commons-fileupload\commons-fileupload\1.4\commons-fileupload-1.4.jar;C:\Users\Francky Malliet\.m2\repository\commons-io\commons-io\2.11.0\commons-io-2.11.0.jar;C:\Users\Francky Malliet\.m2\repository\ru\lanwen\wiremock\wiremock-junit5\1.3.1\wiremock-junit5-1.3.1.jar;C:\Users\Francky Malliet\.m2\repository\org\slf4j\slf4j-api\1.7.32\slf4j-api-1.7.32.jar;C:\Users\Francky Malliet\.m2\repository\ch\qos\logback\logback-core\1.2.6\logback-core-1.2.6.jar;C:\Users\Francky Malliet\.m2\repository\org\webjars\bootstrap\5.0.2\bootstrap-5.0.2.jar;C:\Users\Francky Malliet\.m2\repository\org\webjars\popper.js\2.9.2\popper.js-2.9.2.jar;C:\Users\Francky Malliet\.m2\repository\org\springframework\cloud\spring-cloud-starter-openfeign\3.1.0\spring-cloud-starter-openfeign-3.1.0.jar;C:\Users\Francky Malliet\.m2\repository\org\springframework\cloud\spring-cloud-openfeign-core\3.1.1\spring-cloud-openfeign-core-3.1.1.jar;C:\Users\Francky Malliet\.m2\repository\org\springframework\boot\spring-boot-starter-aop\2.6.4\spring-boot-starter-aop-2.6.4.jar;C:\Users\Francky Malliet\.m2\repository\org\aspectj\aspectjweaver\1.9.7\aspectjweaver-1.9.7.jar;C:\Users\Francky Malliet\.m2\repository\io\github\openfeign\form\feign-form-spring\3.8.0\feign-form-spring-3.8.0.jar;C:\Users\Francky Malliet\.m2\repository\io\github\openfeign\form\feign-form\3.8.0\feign-form-3.8.0.jar;C:\Users\Francky Malliet\.m2\repository\io\github\openfeign\feign-core\11.8\feign-core-11.8.jar;C:\Users\Francky Malliet\.m2\repository\io\github\openfeign\feign-slf4j\11.8\feign-slf4j-11.8.jar;C:\Users\Francky Malliet\.m2\repository\org\springframework\cloud\spring-cloud-starter-bootstrap\3.1.0\spring-cloud-starter-bootstrap-3.1.0.jar;C:\Users\Francky Malliet\.m2\repository\org\apache\commons\commons-lang3\3.0\commons-lang3-3.0.jar;"/>
    <property name="sun.cpu.endian" value="little"/>
    <property name="user.home" value="C:\Users\Francky Malliet"/>
    <property name="user.language" value="fr"/>
    <property name="java.specification.vendor" value="Oracle Corporation"/>
    <property name="java.version.date" value="2021-04-20"/>
    <property name="java.home" value="E:\Program Files\AdoptOpenJDK\jdk-16.0.1.9-hotspot"/>
    <property name="file.separator" value="\"/>
    <property name="basedir" value="E:\Users\Francky Malliet\git\MediscreenAssessMicroservice"/>
    <property name="java.vm.compressedOopsMode" value="Zero based"/>
    <property name="line.separator" value="&#10;"/>
    <property name="java.vm.specification.vendor" value="Oracle Corporation"/>
    <property name="java.specification.name" value="Java Platform API Specification"/>
    <property name="surefire.real.class.path" value="C:\Users\FRANCK~2\AppData\Local\Temp\surefire266992803656491197\surefirebooter1400573146675543975.jar"/>
    <property name="user.script" value=""/>
    <property name="sun.management.compiler" value="HotSpot 64-Bit Tiered Compilers"/>
    <property name="java.runtime.version" value="16.0.1+9"/>
    <property name="user.name" value="Francky Malliet"/>
    <property name="path.separator" value=";"/>
    <property name="os.version" value="10.0"/>
    <property name="java.runtime.name" value="OpenJDK Runtime Environment"/>
    <property name="file.encoding" value="Cp1252"/>
    <property name="java.vm.name" value="OpenJDK 64-Bit Server VM"/>
    <property name="java.vendor.version" value="AdoptOpenJDK-16.0.1+9"/>
    <property name="localRepository" value="C:\Users\Francky Malliet\.m2\repository"/>
    <property name="java.vendor.url.bug" value="https://github.com/AdoptOpenJDK/openjdk-support/issues"/>
    <property name="java.io.tmpdir" value="C:\Users\FRANCK~2\AppData\Local\Temp\"/>
    <property name="idea.version" value="2021.2"/>
    <property name="java.version" value="16.0.1"/>
    <property name="user.dir" value="E:\Users\Francky Malliet\git\MediscreenAssessMicroservice"/>
    <property name="os.arch" value="amd64"/>
    <property name="java.vm.specification.name" value="Java Virtual Machine Specification"/>
    <property name="sun.os.patch.level" value=""/>
    <property name="java.library.path" value="E:\Program Files\AdoptOpenJDK\jdk-16.0.1.9-hotspot\bin;C:\WINDOWS\Sun\Java\bin;C:\WINDOWS\system32;C:\WINDOWS;E:\Program Files\AdoptOpenJDK\jdk-16.0.1.9-hotspot\bin;C:\Program Files\Common Files\Oracle\Java\javapath;C:\Program Files (x86)\Common Files\Oracle\Java\javapath;C:\Program Files (x86)\Common Files\Intel\Shared Libraries\redist\intel64_win\compiler;C:\ProgramData\Oracle\Java\javapath;C:\Program Files (x86)\Intel\iCLS Client\;C:\Program Files\Intel\iCLS Client\;C:\Windows\System32;C:\WINDOWS;C:\WINDOWS\System32\Wbem;C:\WINDOWS\System32\WindowsPowerShell\v1.0\;C:\Program Files\Intel\WiFi\bin\;C:\Program Files\Common Files\Intel\WirelessCommon\;C:\Program Files\Intel\Intel(R) Management Engine Components\DAL;C:\Program Files\Intel\Intel(R) Management Engine Components\IPT;C:\Program Files (x86)\Intel\Intel(R) Management Engine Components\DAL;C:\Program Files (x86)\Intel\Intel(R) Management Engine Components\IPT;C:\Program Files\Common Files\Autodesk Shared\;C:\Program Files (x86)\Autodesk\Backburner\;C:\Program Files (x86)\GtkSharp\2.12\bin;C:\Program Files (x86)\Skype\Phone\;C:\Program Files\Microsoft SQL Server\110\Tools\Binn\;C:\Program Files\Microsoft SQL Server\120\Tools\Binn\;C:\WINDOWS\system32;C:\WINDOWS;C:\WINDOWS\System32\Wbem;C:\WINDOWS\System32\WindowsPowerShell\v1.0\;C:\WINDOWS\System32\OpenSSH\;E:\Program Files\Git\cmd;C:\apache-maven-3.8.1\bin;E:\GRADLE\gradle-7.2\bin;E:\Program Files\nodejs\;;C:\Program Files\Docker\Docker\resources\bin;C:\ProgramData\DockerDesktop\version-bin;C:\Program Files\MySQL\MySQL Shell 8.0\bin\;C:\Users\Francky Malliet\AppData\Local\Microsoft\WindowsApps;C:\Users\Francky Malliet\AppData\Roaming\npm;E:\Programs\Microsoft VS Code\bin;C:\Users\Francky Malliet\AppData\Local\GitHubDesktop\bin;E:\Program Files\MongoDB\mongodb\bin\;E:\Program Files\MongoDB\Tools\100\bin;;."/>
    <property name="java.vm.info" value="mixed mode, sharing"/>
    <property name="java.vendor" value="AdoptOpenJDK"/>
    <property name="java.vm.version" value="16.0.1+9"/>
    <property name="sun.io.unicode.encoding" value="UnicodeLittle"/>
    <property name="java.class.version" value="60.0"/>
  </properties>
  <testcase name="givenAPatientAndAPatientHistoryList_ReturnAStringOfDangerLevel" classname="microserviceassess.services.PatientHistoryServiceTest" time="0.02"/>
  <testcase name="assessmentGeneratorTest" classname="microserviceassess.services.PatientHistoryServiceTest" time="0.017"/>
</testsuite>